<?xml version="1.0" encoding="UTF-8"?>
<!-- Generated by org.testng.reporters.JUnitReportReporter -->
<testsuite hostname="LAP-064-HB12" name="com.spire.acqura2.test.accentureNA.advancedSearch.AdvancedSearchTestPlan" tests="1" failures="0" timestamp="21 Jul 2016 13:38:15 GMT" time="65.805" errors="0">
  <testcase name="searchBySkillandExperienceCombination" time="65.805" classname="com.spire.acqura2.test.accentureNA.advancedSearch.AdvancedSearchTestPlan"/>
</testsuite> <!-- com.spire.acqura2.test.accentureNA.advancedSearch.AdvancedSearchTestPlan -->
